NOTE from PE     0: MPP_DOMAINS_SET_STACK_SIZE: stack size set to    32768.
NOTE from PE     0: MPP_DOMAINS_SET_STACK_SIZE: stack size set to  5000000.
NOTE from PE     0: field_manager_init:: You are using the legacy version of the field_table
 
 Dumping coupler_mod/types tree
types/
      air_sea_gas_flux_generic/
            implementation/
                  ocmip2/
                        num_parameters = 2
                  duce/
                        num_parameters = 1
                  johnson/
                        num_parameters = 2
            num_flags = 0
            use_atm_pressure = T
            use_10m_wind_speed = T
            pass_through_ice = F
            atm/
                  name[1] = 'pcair'
                  name[2] = 'u10'
                  name[3] = 'psurf'
                  long_name[1] = 'Atmospheric concentration'
                  long_name[2] = 'Wind speed at 10 m'
                  long_name[3] = 'Surface atmospheric pressure'
                  units[1] = 'mol/mol'
                  units[2] = 'm/s'
                  units[3] = 'Pa'
            ice/
                  name[1] = 'alpha'
                  name[2] = 'csurf'
                  name[3] = 'sc_no'
                  long_name[1] = 'Solubility w.r.t. atmosphere'
                  long_name[2] = 'Ocean concentration'
                  long_name[3] = 'Schmidt number'
                  units[1] = 'mol/m^3/atm'
                  units[2] = 'mol/m^3'
                  units[3] = 'dimensionless'
            flux/
                  name[1] = 'flux'
                  name[2] = 'deltap'
                  name[3] = 'kw'
                  name[4] = 'flux0'
                  long_name[1] = 'Surface flux'
                  long_name[2] = 'Ocean-air delta pressure'
                  long_name[3] = 'Piston velocity'
                  long_name[4] = 'Surface flux no atm'
                  units[1] = 'mol/m^2/s'
                  units[2] = 'uatm'
                  units[3] = 'm/s'
                  units[4] = 'mol/m^2/s'
      air_sea_gas_flux/
            implementation/
                  ocmip2/
                        num_parameters = 2
                  ocmip2_data/
                        num_parameters = 2
                  linear/
                        num_parameters = 3
            num_flags = 0
            use_atm_pressure = T
            use_10m_wind_speed = T
            pass_through_ice = F
            atm/
                  name[1] = 'pcair'
                  name[2] = 'u10'
                  name[3] = 'psurf'
                  long_name[1] = 'Atmospheric concentration'
                  long_name[2] = 'Wind speed at 10 m'
                  long_name[3] = 'Surface atmospheric pressure'
                  units[1] = 'mol/mol'
                  units[2] = 'm/s'
                  units[3] = 'Pa'
            ice/
                  name[1] = 'alpha'
                  name[2] = 'csurf'
                  long_name[1] = 'Solubility from atmosphere times Schmidt number term'
                  long_name[2] = 'Ocean concentration times Schmidt number term'
                  units[1] = 'mol/m^3/atm'
                  units[2] = 'mol/m^3'
            flux/
                  name = 'flux'
                  long_name = 'Surface flux'
                  units = 'mol/m^2/s'
      air_sea_deposition/
            implementation/
                  dry/
                        num_parameters = 1
                  wet/
                        num_parameters = 1
            num_flags = 0
            use_atm_pressure = F
            use_10m_wind_speed = F
            pass_through_ice = T
            atm/
                  name = 'deposition'
                  long_name = 'Atmospheric deposition'
                  units = 'kg/m^2/s'
            ice/
                  name = NULL
                  long_name = NULL
                  units = NULL
            flux/
                  name = 'flux'
                  long_name = 'Surface deposition'
                  units = 'mol/m^2/s'
      land_sea_runoff/
            implementation/
                  river/
                        num_parameters = 1
            num_flags = 0
            use_atm_pressure = F
            use_10m_wind_speed = F
            pass_through_ice = T
            atm/
                  name = 'runoff'
                  long_name = 'Concentration in land runoff'
                  units = 'mol/m^3'
            ice/
                  name = NULL
                  long_name = NULL
                  units = NULL
            flux/
                  name = 'flux'
                  long_name = 'Concentration in land runoff'
                  units = 'mol/m^3'
NOTE from PE     0: open_param_file: MOM_input has been opened successfully.
NOTE from PE     0: open_param_file: MOM_override has been opened successfully.
NOTE from PE     0: close_param_file: MOM_input has been closed successfully.
NOTE from PE     0: close_param_file: MOM_override has been closed successfully.
 ==>Note from atmos_ocean_fluxes_mod(atmos_ocean_fluxes_init): No gas fluxes
NOTE from PE     0: callTree: ---> ocean_model_init(), ocean_model_MOM.F90
NOTE from PE     0: open_param_file: MOM_input has been opened successfully.
NOTE from PE     0: open_param_file: MOM_override has been opened successfully.

WARNING from PE     0: MOM_file_parser : OBC_NUMBER_OF_SEGMENTS over-ridden.  Line: 'OBC_NUMBER_OF_SEGMENTS = 4' in file MOM_override.


WARNING from PE     0: MOM_file_parser : DT over-ridden.  Line: 'DT = 300' in file MOM_override.


WARNING from PE     0: MOM_file_parser : DT_THERM over-ridden.  Line: 'DT_THERM = 1800' in file MOM_override.


WARNING from PE     0: MOM_file_parser : MINIMUM_DEPTH over-ridden.  Line: 'MINIMUM_DEPTH = 11.0' in file MOM_override.

NOTE from PE     0: Found the optimum layout for auto-masking. Terminating iteration...
NOTE from PE     0: MOM_domains_init: reading maskmap information from MOM_auto_mask_table
 MOM_in domain decomposition
whalo =    4, ehalo =    4, shalo =    4, nhalo =    4
  X-AXIS =   25  25  25  25  25  25  25  25  25  25  25  25  25  25  25  25
  Y-AXIS =   21  21  21  21  21  20  20  21  21  21  21  21
 MOM_inc domain decomposition
whalo =    2, ehalo =    2, shalo =    2, nhalo =    2
  X-AXIS =   13  13  13  13  12  12  12  12  12  12  12  12  13  13  13  13
  Y-AXIS =   11  11  11  11  11  10  10  10  10  10  10  10
 parse_mask_table: Number of domain regions masked in MOM_in =           50
 MOM_in domain decomposition
whalo =    4, ehalo =    4, shalo =    4, nhalo =    4
  X-AXIS =   37  37  36  36  36  36  36  36  36  37  37
  Y-AXIS =   12  12  12  12  11  11  11  11  11  11  11  11  11  11  11  11  11  11  12  12  12  12
 MOM_inc domain decomposition
whalo =    2, ehalo =    2, shalo =    2, nhalo =    2
  X-AXIS =   19  18  18  18  18  18  18  18  18  18  19
  Y-AXIS =    6   6   6   6   6   6   6   6   6   6   6   6   6   6   6   5   5   5   5   5   5   5
NOTE from PE     0: diag_manager_mod::diag_manager_init: prepend_date only supported when diag_manager_init is called with time_init present.
NOTE from PE     0: diag_manager_mod::diag_manager_init: You are using the legacy version of the diag table
 MOM_in domain decomposition
whalo =    4, ehalo =    4, shalo =    4, nhalo =    4
  X-AXIS =   37  37  36  36  36  36  36  36  36  37  37
  Y-AXIS =   12  12  12  12  11  11  11  11  11  11  11  11  11  11  11  11  11  11  12  12  12  12
 MOM_in domain decomposition
whalo =    2, ehalo =    2, shalo =    2, nhalo =    2
  X-AXIS =   19  18  18  18  18  18  18  18  18  18  19
  Y-AXIS =    6   6   6   6   6   6   6   6   6   6   6   6   6   6   6   5   5   5   5   5   5   5
 MOM_MOSAIC domain decomposition
whalo =    9, ehalo =    9, shalo =    9, nhalo =    9
  X-AXIS =   74  74  72  72  72  72  72  72  72  74  74
  Y-AXIS =   24  24  24  24  22  22  22  22  22  22  22  22  22  22  22  22  22  22  24  24  24  24
 MOM_MOSAIC domain decomposition
whalo =    4, ehalo =    4, shalo =    4, nhalo =    4
  X-AXIS =   37  37  36  36  36  36  36  36  36  37  37
  Y-AXIS =   12  12  12  12  11  11  11  11  11  11  11  11  11  11  11  11  11  11  12  12  12  12

WARNING from PE     0: MOM_file_parser : NK over-ridden.  Line: 'NK = 100' in file MOM_override.


WARNING from PE     0: MOM_file_parser : OBC_FREESLIP_VORTICITY over-ridden.  Line: 'OBC_FREESLIP_VORTICITY = False' in file MOM_override.


WARNING from PE     0: MOM_file_parser : OBC_COMPUTED_VORTICITY over-ridden.  Line: 'OBC_COMPUTED_VORTICITY = True' in file MOM_override.


WARNING from PE     0: MOM_file_parser : OBC_FREESLIP_STRAIN over-ridden.  Line: 'OBC_FREESLIP_STRAIN = False' in file MOM_override.


WARNING from PE     0: MOM_file_parser : OBC_COMPUTED_STRAIN over-ridden.  Line: 'OBC_COMPUTED_STRAIN = True' in file MOM_override.


WARNING from PE     0: MOM_file_parser : OBC_ZERO_BIHARMONIC over-ridden.  Line: 'OBC_ZERO_BIHARMONIC = True' in file MOM_override.


WARNING from PE     0: MOM_file_parser : OBC_TIDE_N_CONSTITUENTS over-ridden.  Line: 'OBC_TIDE_N_CONSTITUENTS = 0' in file MOM_override.


WARNING from PE     0: MOM_file_parser : OBC_TRACER_RESERVOIR_LENGTH_SCALE_OUT over-ridden.  Line: 'OBC_TRACER_RESERVOIR_LENGTH_SCALE_OUT = 3.0E+04' in file MOM_override.


WARNING from PE     0: MOM_file_parser : OBC_TRACER_RESERVOIR_LENGTH_SCALE_IN over-ridden.  Line: 'OBC_TRACER_RESERVOIR_LENGTH_SCALE_IN = 3000.0' in file MOM_override.


WARNING from PE     0: MOM_file_parser : BRUSHCUTTER_MODE over-ridden.  Line: 'BRUSHCUTTER_MODE = True' in file MOM_override.

 MOM_in domain decomposition
whalo =    4, ehalo =    4, shalo =    4, nhalo =    4
  X-AXIS =   25  25  25  25  25  25  25  25  25  25  25  25  25  25  25  25
  Y-AXIS =   21  21  21  21  21  20  20  21  21  21  21  21
 MOM_in domain decomposition
whalo =    2, ehalo =    2, shalo =    2, nhalo =    2
  X-AXIS =   13  13  13  13  12  12  12  12  12  12  12  12  13  13  13  13
  Y-AXIS =   11  11  11  11  11  10  10  10  10  10  10  10
 MOM_MOSAIC domain decomposition
whalo =    9, ehalo =    9, shalo =    9, nhalo =    9
  X-AXIS =   50  50  50  50  50  50  50  50  50  50  50  50  50  50  50  50
  Y-AXIS =   42  42  42  42  42  40  40  42  42  42  42  42
 MOM_MOSAIC domain decomposition
whalo =    4, ehalo =    4, shalo =    4, nhalo =    4
  X-AXIS =   25  25  25  25  25  25  25  25  25  25  25  25  25  25  25  25
  Y-AXIS =   21  21  21  21  21  20  20  21  21  21  21  21

WARNING from PE     0: Open_file is appending .nc to the filename ./ocean_geometry

 MOM_in domain decomposition
whalo =    4, ehalo =    4, shalo =    4, nhalo =    4
  X-AXIS =   37  37  36  36  36  36  36  36  36  37  37
  Y-AXIS =   12  12  12  12  11  11  11  11  11  11  11  11  11  11  11  11  11  11  12  12  12  12
 MOM_in domain decomposition
whalo =    2, ehalo =    2, shalo =    2, nhalo =    2
  X-AXIS =   19  18  18  18  18  18  18  18  18  18  19
  Y-AXIS =    6   6   6   6   6   6   6   6   6   6   6   6   6   6   6   5   5   5   5   5   5   5
NOTE from PE     0: MOM_restart: Unable to find tres_x_001   queried by pointer, probably because of the suspect comparison of pointers by ASSOCIATED.
NOTE from PE     0: MOM_restart: Unable to find tres_y_001   queried by pointer, probably because of the suspect comparison of pointers by ASSOCIATED.
NOTE from PE     0: MOM_restart: Unable to find tres_x_002   queried by pointer, probably because of the suspect comparison of pointers by ASSOCIATED.
NOTE from PE     0: MOM_restart: Unable to find tres_y_002   queried by pointer, probably because of the suspect comparison of pointers by ASSOCIATED.

WARNING from PE   158: categorize_axes: Failed to identify x- and y- axes in the axis list (nx_segment_003, ny_segment_003, time) of a variable being read from INPUT/obgc_obc.nc


WARNING from PE    56: categorize_axes: Failed to identify x- and y- axes in the axis list (nx_segment_004, ny_segment_004, time) of a variable being read from INPUT/obgc_obc.nc


WARNING from PE   170: categorize_axes: Failed to identify x- and y- axes in the axis list (nx_segment_004, ny_segment_004, time) of a variable being read from INPUT/obgc_obc.nc


WARNING from PE   137: categorize_axes: Failed to identify x- and y- axes in the axis list (nx_segment_004, ny_segment_004, time) of a variable being read from INPUT/obgc_obc.nc


WARNING from PE   169: categorize_axes: Failed to identify x- and y- axes in the axis list (nx_segment_003, ny_segment_003, time) of a variable being read from INPUT/obgc_obc.nc


WARNING from PE    92: categorize_axes: Failed to identify x- and y- axes in the axis list (nx_segment_003, ny_segment_003, time) of a variable being read from INPUT/obgc_obc.nc


WARNING from PE   136: categorize_axes: Failed to identify x- and y- axes in the axis list (nx_segment_003, ny_segment_003, time) of a variable being read from INPUT/obgc_obc.nc


WARNING from PE   147: categorize_axes: Failed to identify x- and y- axes in the axis list (nx_segment_003, ny_segment_003, time) of a variable being read from INPUT/obgc_obc.nc


WARNING from PE    93: categorize_axes: Failed to identify x- and y- axes in the axis list (nx_segment_004, ny_segment_004, time) of a variable being read from INPUT/obgc_obc.nc


WARNING from PE    34: categorize_axes: Failed to identify x- and y- axes in the axis list (nx_segment_004, ny_segment_004, time) of a variable being read from INPUT/obgc_obc.nc


WARNING from PE   148: categorize_axes: Failed to identify x- and y- axes in the axis list (nx_segment_004, ny_segment_004, time) of a variable being read from INPUT/obgc_obc.nc


WARNING from PE   159: categorize_axes: Failed to identify x- and y- axes in the axis list (nx_segment_004, ny_segment_004, time) of a variable being read from INPUT/obgc_obc.nc


WARNING from PE    20: categorize_axes: Failed to identify x- and y- axes in the axis list (nx_segment_004, ny_segment_004, time) of a variable being read from INPUT/obgc_obc.nc


WARNING from PE    64: categorize_axes: Failed to identify x- and y- axes in the axis list (nx_segment_004, ny_segment_004, time) of a variable being read from INPUT/obgc_obc.nc


WARNING from PE    27: categorize_axes: Failed to identify x- and y- axes in the axis list (nx_segment_004, ny_segment_004, time) of a variable being read from INPUT/obgc_obc.nc


WARNING from PE   104: categorize_axes: Failed to identify x- and y- axes in the axis list (nx_segment_004, ny_segment_004, time) of a variable being read from INPUT/obgc_obc.nc


WARNING from PE    82: categorize_axes: Failed to identify x- and y- axes in the axis list (nx_segment_004, ny_segment_004, time) of a variable being read from INPUT/obgc_obc.nc


WARNING from PE    73: categorize_axes: Failed to identify x- and y- axes in the axis list (nx_segment_004, ny_segment_004, time) of a variable being read from INPUT/obgc_obc.nc


WARNING from PE    48: categorize_axes: Failed to identify x- and y- axes in the axis list (nx_segment_004, ny_segment_004, time) of a variable being read from INPUT/obgc_obc.nc


WARNING from PE   115: categorize_axes: Failed to identify x- and y- axes in the axis list (nx_segment_004, ny_segment_004, time) of a variable being read from INPUT/obgc_obc.nc


WARNING from PE    13: categorize_axes: Failed to identify x- and y- axes in the axis list (nx_segment_004, ny_segment_004, time) of a variable being read from INPUT/obgc_obc.nc


WARNING from PE    41: categorize_axes: Failed to identify x- and y- axes in the axis list (nx_segment_004, ny_segment_004, time) of a variable being read from INPUT/obgc_obc.nc


WARNING from PE   125: categorize_axes: Failed to identify x- and y- axes in the axis list (nx_segment_003, ny_segment_003, time) of a variable being read from INPUT/obgc_obc.nc


WARNING from PE   114: categorize_axes: Failed to identify x- and y- axes in the axis list (nx_segment_003, ny_segment_003, time) of a variable being read from INPUT/obgc_obc.nc


WARNING from PE   182: categorize_axes: Failed to identify x- and y- axes in the axis list (nx_segment_001, ny_segment_001, time) of a variable being read from INPUT/obgc_obc.nc


WARNING from PE   188: categorize_axes: Failed to identify x- and y- axes in the axis list (nx_segment_001, ny_segment_001, time) of a variable being read from INPUT/obgc_obc.nc


WARNING from PE     2: categorize_axes: Failed to identify x- and y- axes in the axis list (nx_segment_002, ny_segment_002, time) of a variable being read from INPUT/obgc_obc.nc


WARNING from PE   103: categorize_axes: Failed to identify x- and y- axes in the axis list (nx_segment_003, ny_segment_003, time) of a variable being read from INPUT/obgc_obc.nc


WARNING from PE   181: categorize_axes: Failed to identify x- and y- axes in the axis list (nx_segment_001, ny_segment_001, time) of a variable being read from INPUT/obgc_obc.nc


WARNING from PE   187: categorize_axes: Failed to identify x- and y- axes in the axis list (nx_segment_001, ny_segment_001, time) of a variable being read from INPUT/obgc_obc.nc


WARNING from PE   190: categorize_axes: Failed to identify x- and y- axes in the axis list (nx_segment_001, ny_segment_001, time) of a variable being read from INPUT/obgc_obc.nc


WARNING from PE   126: categorize_axes: Failed to identify x- and y- axes in the axis list (nx_segment_004, ny_segment_004, time) of a variable being read from INPUT/obgc_obc.nc


WARNING from PE   184: categorize_axes: Failed to identify x- and y- axes in the axis list (nx_segment_001, ny_segment_001, time) of a variable being read from INPUT/obgc_obc.nc


WARNING from PE   191: categorize_axes: Failed to identify x- and y- axes in the axis list (nx_segment_001, ny_segment_001, time) of a variable being read from INPUT/obgc_obc.nc


WARNING from PE   183: categorize_axes: Failed to identify x- and y- axes in the axis list (nx_segment_001, ny_segment_001, time) of a variable being read from INPUT/obgc_obc.nc


WARNING from PE   180: categorize_axes: Failed to identify x- and y- axes in the axis list (nx_segment_003, ny_segment_003, time) of a variable being read from INPUT/obgc_obc.nc


WARNING from PE     1: categorize_axes: Failed to identify x- and y- axes in the axis list (nx_segment_002, ny_segment_002, time) of a variable being read from INPUT/obgc_obc.nc


WARNING from PE   186: categorize_axes: Failed to identify x- and y- axes in the axis list (nx_segment_001, ny_segment_001, time) of a variable being read from INPUT/obgc_obc.nc


WARNING from PE   185: categorize_axes: Failed to identify x- and y- axes in the axis list (nx_segment_001, ny_segment_001, time) of a variable being read from INPUT/obgc_obc.nc


WARNING from PE   189: categorize_axes: Failed to identify x- and y- axes in the axis list (nx_segment_001, ny_segment_001, time) of a variable being read from INPUT/obgc_obc.nc


WARNING from PE     4: categorize_axes: Failed to identify x- and y- axes in the axis list (nx_segment_004, ny_segment_004, time) of a variable being read from INPUT/obgc_obc.nc


WARNING from PE     8: categorize_axes: Failed to identify x- and y- axes in the axis list (nx_segment_004, ny_segment_004, time) of a variable being read from INPUT/obgc_obc.nc


WARNING from PE     3: categorize_axes: Failed to identify x- and y- axes in the axis list (nx_segment_002, ny_segment_002, time) of a variable being read from INPUT/obgc_obc.nc


WARNING from PE     0: categorize_axes: Failed to identify x- and y- axes in the axis list (nx_segment_002, ny_segment_002, time) of a variable being read from INPUT/obgc_obc.nc


WARNING from PE   181: categorize_axes: Failed to identify x- and y- axes in the axis list (nx_segment_004, ny_segment_004, time) of a variable being read from INPUT/obgc_obc.nc


WARNING from PE   191: categorize_axes: Failed to identify x- and y- axes in the axis list (nx_segment_003, ny_segment_003, time) of a variable being read from INPUT/obgc_obc.nc


WARNING from PE     0: categorize_axes: Failed to identify x- and y- axes in the axis list (nx_segment_004, ny_segment_004, time) of a variable being read from INPUT/obgc_obc.nc


WARNING from PE     0: MOM_file_parser : TIDES over-ridden.  Line: 'TIDES = False' in file MOM_override.

 MOM_in domain decomposition
whalo =    4, ehalo =    4, shalo =    4, nhalo =    4
  X-AXIS =   37  37  36  36  36  36  36  36  36  37  37
  Y-AXIS =   12  12  12  12  11  11  11  11  11  11  11  11  11  11  11  11  11  11  12  12  12  12
 MOM_in domain decomposition
whalo =    2, ehalo =    2, shalo =    2, nhalo =    2
  X-AXIS =   19  18  18  18  18  18  18  18  18  18  19
  Y-AXIS =    6   6   6   6   6   6   6   6   6   6   6   6   6   6   6   5   5   5   5   5   5   5
NOTE from PE     0: MOM_restart: Unable to find tres_x_001   queried by pointer, possibly because of the suspect comparison of pointers by ASSOCIATED.
NOTE from PE     0: MOM_restart: tres_x_001   initialization confirmed by name.
NOTE from PE     0: MOM_restart: Unable to find tres_y_001   queried by pointer, possibly because of the suspect comparison of pointers by ASSOCIATED.
NOTE from PE     0: MOM_restart: tres_y_001   initialization confirmed by name.
NOTE from PE     0: MOM_restart: Unable to find tres_x_002   queried by pointer, possibly because of the suspect comparison of pointers by ASSOCIATED.
NOTE from PE     0: MOM_restart: tres_x_002   initialization confirmed by name.
NOTE from PE     0: MOM_restart: Unable to find tres_y_002   queried by pointer, possibly because of the suspect comparison of pointers by ASSOCIATED.
NOTE from PE     0: MOM_restart: tres_y_002   initialization confirmed by name.
 MOM_in domain decomposition
whalo =    0, ehalo =    0, shalo =    0, nhalo =    0
  X-AXIS =   37  37  36  36  36  36  36  36  36  37  37
  Y-AXIS =   12  12  12  12  11  11  11  11  11  11  11  11  11  11  11  11  11  11  12  12  12  12

WARNING from PE     0: Unused line in MOM_input : OBC_TIDE_CONSTITUENTS = "M2"


WARNING from PE     0: Unused line in MOM_input : OBC_TIDE_ADD_EQ_PHASE = True


WARNING from PE     0: Unused line in MOM_input : OBC_TIDE_REF_DATE = 1995, 1, 1


WARNING from PE     0: Unused line in MOM_input : GENERIC_TRACER_INITIAL_FILE = "init_tracers_modified.nc"


WARNING from PE     0: Unused line in MOM_input : TIDE_M2 = True


WARNING from PE     0: Unused line in MOM_input : TIDE_SAL_SCALAR_VALUE = 0.094


WARNING from PE     0: Unused line in MOM_input : TIDE_REF_DATE = 2010, 1, 1


WARNING from PE     0: Unused line in MOM_input : TIDE_USE_EQ_PHASE = True


WARNING from PE     0: Unused line in MOM_override : #override OBC_TIDE_ADD_EQ_PHASE = False


WARNING from PE     0: Unused line in MOM_override : #override OBC_TIDE_CONSTITUENTS = "0"


WARNING from PE     0: Unused line in MOM_override : #override OBC_TIDE_REF_DATE = 2017, 1, 1


WARNING from PE     0: Unused line in MOM_override : /

NOTE from PE     0: data_override_init: You are using the legacy version of the data table.
NOTE from PE     0: data_override_init: You are using the legacy version of the data table.
 (shr_stream_findBounds) ERROR: limit on and rDateIn lt rDatelvd
   19190201.0000000        19580101.0000000     
 (shr_stream_findBounds) ERROR: limit on and rDateIn lt rDatelvd
   19190201.0000000        19580101.0000000     
 (shr_stream_findBounds) ERROR: limit on and rDateIn lt rDatelvd
   19190201.0000000        19580101.0000000     
 (shr_stream_findBounds) ERROR: limit on and rDateIn lt rDatelvd
   19190201.0000000        19580101.0000000     
 (shr_stream_findBounds) ERROR: limit on and rDateIn lt rDatelvd
   19190201.0000000        19580101.0000000     
 (shr_stream_findBounds) ERROR: limit on and rDateIn lt rDatelvd
   19190201.0000000        19580101.0000000     
 (shr_stream_findBounds) ERROR: limit on and rDateIn lt rDatelvd
   19190201.0000000        19580101.0000000     
 (shr_stream_findBounds) ERROR: limit on and rDateIn lt rDatelvd
   19190201.0000000        19580101.0000000     
 (shr_stream_findBounds) ERROR: limit on and rDateIn lt rDatelvd
   19190201.0000000        19580101.0000000     
 (shr_stream_findBounds) ERROR: limit on and rDateIn lt rDatelvd
   19190201.0000000        19580101.0000000     
 (shr_stream_findBounds) ERROR: limit on and rDateIn lt rDatelvd
   19190201.0000000        19580101.0000000     
 (shr_stream_findBounds) ERROR: limit on and rDateIn lt rDatelvd
   19190201.0000000        19580101.0000000     
 (shr_stream_findBounds) ERROR: limit on and rDateIn lt rDatelvd
   19190201.0000000        19580101.0000000     
 (shr_stream_findBounds) ERROR: limit on and rDateIn lt rDatelvd
   19190201.0000000        19580101.0000000     
 (shr_stream_findBounds) ERROR: limit on and rDateIn lt rDatelvd
   19190201.0000000        19580101.0000000     
 (shr_stream_findBounds) ERROR: rDateIn lt rDatelvd limit true
 (shr_stream_findBounds) ERROR: rDateIn lt rDatelvd limit true
 (shr_stream_findBounds) ERROR: rDateIn lt rDatelvd limit true
 (shr_stream_findBounds) ERROR: rDateIn lt rDatelvd limit true
 (shr_stream_findBounds) ERROR: rDateIn lt rDatelvd limit true
 (shr_stream_findBounds) ERROR: rDateIn lt rDatelvd limit true
 (shr_stream_findBounds) ERROR: rDateIn lt rDatelvd limit true
 (shr_stream_findBounds) ERROR: rDateIn lt rDatelvd limit true
 (shr_stream_findBounds) ERROR: rDateIn lt rDatelvd limit true
 (shr_stream_findBounds) ERROR: rDateIn lt rDatelvd limit true
 (shr_stream_findBounds) ERROR: rDateIn lt rDatelvd limit true
 (shr_stream_findBounds) ERROR: rDateIn lt rDatelvd limit true
 (shr_stream_findBounds) ERROR: rDateIn lt rDatelvd limit true
 (shr_stream_findBounds) ERROR: rDateIn lt rDatelvd limit true
 (shr_stream_findBounds) ERROR: rDateIn lt rDatelvd limit true
