NOTE from PE     0: MPP_DOMAINS_SET_STACK_SIZE: stack size set to    32768.
NOTE from PE     0: MPP_DOMAINS_SET_STACK_SIZE: stack size set to  5000000.
NOTE from PE     0: field_manager_init:: You are using the legacy version of the field_table
 
 Dumping coupler_mod/types tree
types/
      air_sea_gas_flux_generic/
            implementation/
                  ocmip2/
                        num_parameters = 2
                  duce/
                        num_parameters = 1
                  johnson/
                        num_parameters = 2
            num_flags = 0
            use_atm_pressure = T
            use_10m_wind_speed = T
            pass_through_ice = F
            atm/
                  name[1] = 'pcair'
                  name[2] = 'u10'
                  name[3] = 'psurf'
                  long_name[1] = 'Atmospheric concentration'
                  long_name[2] = 'Wind speed at 10 m'
                  long_name[3] = 'Surface atmospheric pressure'
                  units[1] = 'mol/mol'
                  units[2] = 'm/s'
                  units[3] = 'Pa'
            ice/
                  name[1] = 'alpha'
                  name[2] = 'csurf'
                  name[3] = 'sc_no'
                  long_name[1] = 'Solubility w.r.t. atmosphere'
                  long_name[2] = 'Ocean concentration'
                  long_name[3] = 'Schmidt number'
                  units[1] = 'mol/m^3/atm'
                  units[2] = 'mol/m^3'
                  units[3] = 'dimensionless'
            flux/
                  name[1] = 'flux'
                  name[2] = 'deltap'
                  name[3] = 'kw'
                  name[4] = 'flux0'
                  long_name[1] = 'Surface flux'
                  long_name[2] = 'Ocean-air delta pressure'
                  long_name[3] = 'Piston velocity'
                  long_name[4] = 'Surface flux no atm'
                  units[1] = 'mol/m^2/s'
                  units[2] = 'uatm'
                  units[3] = 'm/s'
                  units[4] = 'mol/m^2/s'
      air_sea_gas_flux/
            implementation/
                  ocmip2/
                        num_parameters = 2
                  ocmip2_data/
                        num_parameters = 2
                  linear/
                        num_parameters = 3
            num_flags = 0
            use_atm_pressure = T
            use_10m_wind_speed = T
            pass_through_ice = F
            atm/
                  name[1] = 'pcair'
                  name[2] = 'u10'
                  name[3] = 'psurf'
                  long_name[1] = 'Atmospheric concentration'
                  long_name[2] = 'Wind speed at 10 m'
                  long_name[3] = 'Surface atmospheric pressure'
                  units[1] = 'mol/mol'
                  units[2] = 'm/s'
                  units[3] = 'Pa'
            ice/
                  name[1] = 'alpha'
                  name[2] = 'csurf'
                  long_name[1] = 'Solubility from atmosphere times Schmidt number term'
                  long_name[2] = 'Ocean concentration times Schmidt number term'
                  units[1] = 'mol/m^3/atm'
                  units[2] = 'mol/m^3'
            flux/
                  name = 'flux'
                  long_name = 'Surface flux'
                  units = 'mol/m^2/s'
      air_sea_deposition/
            implementation/
                  dry/
                        num_parameters = 1
                  wet/
                        num_parameters = 1
            num_flags = 0
            use_atm_pressure = F
            use_10m_wind_speed = F
            pass_through_ice = T
            atm/
                  name = 'deposition'
                  long_name = 'Atmospheric deposition'
                  units = 'kg/m^2/s'
            ice/
                  name = NULL
                  long_name = NULL
                  units = NULL
            flux/
                  name = 'flux'
                  long_name = 'Surface deposition'
                  units = 'mol/m^2/s'
      land_sea_runoff/
            implementation/
                  river/
                        num_parameters = 1
            num_flags = 0
            use_atm_pressure = F
            use_10m_wind_speed = F
            pass_through_ice = T
            atm/
                  name = 'runoff'
                  long_name = 'Concentration in land runoff'
                  units = 'mol/m^3'
            ice/
                  name = NULL
                  long_name = NULL
                  units = NULL
            flux/
                  name = 'flux'
                  long_name = 'Concentration in land runoff'
                  units = 'mol/m^3'
NOTE from PE     0: open_param_file: MOM_input has been opened successfully.
NOTE from PE     0: open_param_file: MOM_layout has been opened successfully.
NOTE from PE     0: open_param_file: MOM_override has been opened successfully.
NOTE from PE     0: close_param_file: MOM_input has been closed successfully.
NOTE from PE     0: close_param_file: MOM_layout has been closed successfully.
NOTE from PE     0: close_param_file: MOM_override has been closed successfully.


 &GENERIC_TRACER_NML
 DO_GENERIC_TRACER       = T,
 DO_GENERIC_ABIOTIC      = F,
 DO_GENERIC_AGE  = F,
 DO_GENERIC_ARGON        = F,
 DO_GENERIC_CFC  = F,
 DO_GENERIC_SF6  = F,
 DO_GENERIC_TOPAZ        = F,
 DO_GENERIC_ERGOM        = F,
 DO_GENERIC_BLING        = F,
 DO_GENERIC_MINIBLING    = F,
 DO_GENERIC_COBALT       = F,
 DO_GENERIC_WOMBATLITE   = T,
 DO_GENERIC_WOMBATMID    = F,
 FORCE_UPDATE_FLUXES     = F,
 DO_GENERIC_BLRES        = F,
 AS_PARAM        = gfdl_cmip6
 /


 &MOCSY_NML
 BORON_FORMULATION       = l10,
 DISSOCIATION_CONSTANTS  = m10,
 HF_EQUILIBRIUM_CONSTANT = dg,
 EPSLN   =  1.000000000000000E-010,
 PRINT_OOR_WARNINGS      = F,
 MAXIMUM_SALINITY        =   200.000000000000     ,
 MAX_SPECIES_VALUE       =   4.00000000000000     ,
 MINIMUM_TEMPERATURE     =  -2.00000000000000     ,
 SAL_FLOOR_BASED_ON_ALK  = T,
 APPLY_EPSLN_FLOOR       = T,
 APPLY_SPECIES_CEILING   = T,
 APPLY_SALINITY_CEILING  = T,
 APPLY_TEMPERATURE_FLOOR = T
 /


 &GENERIC_WOMBATLITE_NML
 CO2_CALC        = ocmip2    ,
 DO_CACO3_DYNAMICS       = T,
 DO_BURIAL       = F,
 DO_CONSERVE_TRACERS     = F,
 DO_CHECK_N_CONSERVE     = T,
 DO_CHECK_C_CONSERVE     = T
 /
 ==>Note from generic_WOMBATlite(generic_WOMBATlite_register):
 Using FMS OCMIP2 CO2 routine
 ==>Note from generic_WOMBATlite(generic_WOMBATlite_register):
 Doing dynamic CaCO3 precipitation, dissolution and ballasting
 ==>Note from generic_WOMBATlite(generic_WOMBATlite_register):
 Checking that the ecosystem model conserves nitrogen
 ==>Note from generic_WOMBATlite(generic_WOMBATlite_register):
 Checking that the ecosystem model conserves carbon
NOTE from PE     0: g_tracer_print_info: Dumping generic tracer namelists tree:
namelists/
      generic_wombatlite/
            *global*/
            no3_src_file = 'INPUT/init_tracers_modified.nc'
            no3_src_var_name = 'no3'
            no3_src_var_unit = 'mol kg-1'
            no3_dest_var_name = 'no3'
            no3_dest_var_unit = 'mol kg-1'
            no3_src_var_record = 1
            no3_src_var_gridspec = 'NONE'
            no3_valid_min = 0.000000000000000E+000
            phy_src_file = 'INPUT/init_tracers_modified.nc'
            phy_src_var_name = 'phy'
            phy_src_var_unit = 'mol kg-1'
            phy_dest_var_name = 'phy'
            phy_dest_var_unit = 'mol kg-1'
            phy_src_var_record = 1
            phy_src_var_gridspec = 'NONE'
            phy_valid_min = 0.000000000000000E+000
            phyfe_src_file = 'INPUT/init_tracers_modified.nc'
            phyfe_src_var_name = 'phyfe'
            phyfe_src_var_unit = 'mol kg-1'
            phyfe_dest_var_name = 'phyfe'
            phyfe_dest_var_unit = 'mol kg-1'
            phyfe_src_var_record = 1
            phyfe_src_var_gridspec = 'NONE'
            phyfe_valid_min = 0.000000000000000E+000
            o2_src_file = 'INPUT/init_tracers_modified.nc'
            o2_src_var_name = 'o2'
            o2_src_var_unit = 'mol kg-1'
            o2_dest_var_name = 'o2'
            o2_dest_var_unit = 'mol kg-1'
            o2_src_var_record = 1
            o2_src_var_gridspec = 'NONE'
            o2_valid_min = 0.000000000000000E+000
            zoo_src_file = 'INPUT/init_tracers_modified.nc'
            zoo_src_var_name = 'zoo'
            zoo_src_var_unit = 'mol kg-1'
            zoo_dest_var_name = 'zoo'
            zoo_dest_var_unit = 'mol kg-1'
            zoo_src_var_record = 1
            zoo_src_var_gridspec = 'NONE'
            zoo_valid_min = 0.000000000000000E+000
            zoofe_src_file = 'INPUT/init_tracers_modified.nc'
            zoofe_src_var_name = 'zoofe'
            zoofe_src_var_unit = 'mol kg-1'
            zoofe_dest_var_name = 'zoofe'
            zoofe_dest_var_unit = 'mol kg-1'
            zoofe_src_var_record = 1
            zoofe_src_var_gridspec = 'NONE'
            zoofe_valid_min = 0.000000000000000E+000
            det_src_file = 'INPUT/init_tracers_modified.nc'
            det_src_var_name = 'det'
            det_src_var_unit = 'mol kg-1'
            det_dest_var_name = 'det'
            det_dest_var_unit = 'mol kg-1'
            det_src_var_record = 1
            det_src_var_gridspec = 'NONE'
            det_valid_min = 0.000000000000000E+000
            detfe_src_file = 'INPUT/init_tracers_modified.nc'
            detfe_src_var_name = 'detfe'
            detfe_src_var_unit = 'mol kg-1'
            detfe_dest_var_name = 'detfe'
            detfe_dest_var_unit = 'mol kg-1'
            detfe_src_var_record = 1
            detfe_src_var_gridspec = 'NONE'
            detfe_valid_min = 0.000000000000000E+000
            caco3_src_file = 'INPUT/init_tracers_modified.nc'
            caco3_src_var_name = 'caco3'
            caco3_src_var_unit = 'mol kg-1'
            caco3_dest_var_name = 'caco3bury'
            caco3_dest_var_unit = 'mol kg-1'
            caco3_src_var_record = 1
            caco3_src_var_gridspec = 'NONE'
            caco3_valid_min = 0.000000000000000E+000
            dic_src_file = 'INPUT/init_tracers_modified.nc'
            dic_src_var_name = 'dic'
            dic_src_var_unit = 'mol kg-1'
            dic_dest_var_name = 'dic'
            dic_dest_var_unit = 'mol kg-1'
            dic_src_var_record = 1
            dic_src_var_gridspec = 'NONE'
            dic_valid_min = 0.000000000000000E+000
            dicp_src_file = 'INPUT/init_tracers_modified.nc'
            dicp_src_var_name = 'dicp'
            dicp_src_var_unit = 'mol kg-1'
            dicp_dest_var_name = 'dicp'
            dicp_dest_var_unit = 'mol kg-1'
            dicp_src_var_record = 1
            dicp_src_var_gridspec = 'NONE'
            dicp_valid_min = 0.000000000000000E+000
            dicr_src_file = 'INPUT/init_tracers_modified.nc'
            dicr_src_var_name = 'dicr'
            dicr_src_var_unit = 'mol kg-1'
            dicr_dest_var_name = 'dicr'
            dicr_dest_var_unit = 'mol kg-1'
            dicr_src_var_record = 1
            dicr_src_var_gridspec = 'NONE'
            dicr_valid_min = 0.000000000000000E+000
            alk_src_file = 'INPUT/init_tracers_modified.nc'
            alk_src_var_name = 'alk'
            alk_src_var_unit = 'mol kg-1'
            alk_dest_var_name = 'alk'
            alk_dest_var_unit = 'mol kg-1'
            alk_src_var_record = 1
            alk_src_var_gridspec = 'NONE'
            alk_valid_min = 0.000000000000000E+000
            fe_src_file = 'INPUT/init_tracers_modified.nc'
            fe_src_var_name = 'fe'
            fe_src_var_unit = 'mol kg-1'
            fe_dest_var_name = 'fe'
            fe_dest_var_unit = 'mol kg-1'
            fe_src_var_record = 1
            fe_src_var_gridspec = 'NONE'
            fe_valid_min = 0.000000000000000E+000
            pchl_src_file = 'INPUT/init_tracers_modified.nc'
            pchl_src_var_name = 'pchl'
            pchl_src_var_unit = 'mol kg-1'
            pchl_dest_var_name = 'pchl'
            pchl_dest_var_unit = 'mol kg-1'
            pchl_src_var_record = 1
            pchl_src_var_gridspec = 'NONE'
            pchl_valid_min = 0.000000000000000E+000
            caco3_sediment_src_file = 'INPUT/init_tracers_modified.nc'
            caco3_sediment_src_var_name = 'caco3_sediment'
            caco3_sediment_src_var_unit = 'none'
            caco3_sediment_dest_var_name = 'caco3_sediment'
            caco3_sediment_dest_var_unit = 'mol m-2'
            caco3_sediment_src_var_record = 1
            caco3_sediment_src_var_gridspec = 'NONE'
            caco3_sediment_valid_min = 0.000000000000000E+000
            det_sediment_src_file = 'INPUT/init_tracers_modified.nc'
            det_sediment_src_var_name = 'det_sediment'
            det_sediment_src_var_unit = 'none'
            det_sediment_dest_var_name = 'det_sediment'
            det_sediment_dest_var_unit = 'mol m-2'
            det_sediment_src_var_record = 1
            det_sediment_src_var_gridspec = 'NONE'
            det_sediment_valid_min = 0.000000000000000E+000
            detfe_sediment_src_file = 'INPUT/init_tracers_modified.nc'
            detfe_sediment_src_var_name = 'detfe_sediment'
            detfe_sediment_src_var_unit = 'none'
            detfe_sediment_dest_var_name = 'detfe_sediment'
            detfe_sediment_dest_var_unit = 'mol m-2'
            detfe_sediment_src_var_record = 1
            detfe_sediment_src_var_gridspec = 'NONE'
            detfe_sediment_valid_min = 0.000000000000000E+000
            caco3bury_src_file = 'INPUT/init_tracers_modified.nc'
            caco3bury_src_var_name = 'caco3bury'
            caco3bury_src_var_unit = 'none'
            caco3bury_dest_var_unit = 'mol m-2 s-1'
            caco3bury_src_var_record = 1
            caco3bury_src_var_gridspec = 'NONE'
            caco3bury_valid_min = 0.000000000000000E+000
            detbury_src_file = 'INPUT/init_tracers_modified.nc'
            detbury_src_var_name = 'detbury'
            detbury_src_var_unit = 'none'
            detbury_dest_var_name = 'detbury'
            detbury_dest_var_unit = 'mol m-2 s-1'
            detbury_src_var_record = 1
            detbury_src_var_gridspec = 'NONE'
            detbury_valid_min = 0.000000000000000E+000
            no3_obc_src_file_name = 'obgc_obc.nc'
            no3_obc_src_field_name = 'no3'
            no3_obc_has = T
            no3_obc_lfac_in = 3.000000000000000E-002
            no3_obc_lfac_out = 1.00000000000000
            phy_obc_src_file_name = 'obgc_obc.nc'
            phy_obc_src_field_name = 'phy'
            phy_obc_has = T
            phy_obc_lfac_in = 3.000000000000000E-002
            phy_obc_lfac_out = 1.00000000000000
            phyfe_obc_src_file_name = 'obgc_obc.nc'
            phyfe_obc_src_field_name = 'phyfe'
            phyfe_obc_has = T
            phyfe_obc_lfac_in = 3.000000000000000E-002
            phyfe_obc_lfac_out = 1.00000000000000
            o2_obc_src_file_name = 'obgc_obc.nc'
            o2_obc_src_field_name = 'o2'
            o2_obc_has = T
            o2_obc_lfac_in = 3.000000000000000E-002
            o2_obc_lfac_out = 1.00000000000000
            zoo_obc_src_file_name = 'obgc_obc.nc'
            zoo_obc_src_field_name = 'zoo'
            zoo_obc_has = T
            zoo_obc_lfac_in = 3.000000000000000E-002
            zoo_obc_lfac_out = 1.00000000000000
            zoofe_obc_src_file_name = 'obgc_obc.nc'
            zoofe_obc_src_field_name = 'zoofe'
            zoofe_obc_has = T
            zoofe_obc_lfac_in = 3.000000000000000E-002
            zoofe_obc_lfac_out = 1.00000000000000
            det_obc_src_file_name = 'obgc_obc.nc'
            det_obc_src_field_name = 'det'
            det_obc_has = T
            det_obc_lfac_in = 3.000000000000000E-002
            det_obc_lfac_out = 1.00000000000000
            detfe_obc_src_file_name = 'obgc_obc.nc'
            detfe_obc_src_field_name = 'detfe'
            detfe_obc_has = T
            detfe_obc_lfac_in = 3.000000000000000E-002
            detfe_obc_lfac_out = 1.00000000000000
            caco3_obc_src_file_name = 'obgc_obc.nc'
            caco3_obc_src_field_name = 'caco3'
            caco3_obc_has = T
            caco3_obc_lfac_in = 3.000000000000000E-002
            caco3_obc_lfac_out = 1.00000000000000
            dic_obc_src_file_name = 'obgc_obc.nc'
            dic_obc_src_field_name = 'dic'
            dic_obc_has = T
            dic_obc_lfac_in = 3.000000000000000E-002
            dic_obc_lfac_out = 1.00000000000000
            dicp_obc_src_file_name = 'obgc_obc.nc'
            dicp_obc_src_field_name = 'dicp'
            dicp_obc_has = T
            dicp_obc_lfac_in = 3.000000000000000E-002
            dicp_obc_lfac_out = 1.00000000000000
            dicr_obc_src_file_name = 'obgc_obc.nc'
            dicr_obc_src_field_name = 'dicr'
            dicr_obc_has = T
            dicr_obc_lfac_in = 3.000000000000000E-002
            dicr_obc_lfac_out = 1.00000000000000
            alk_obc_src_file_name = 'obgc_obc.nc'
            alk_obc_src_field_name = 'alk'
            alk_obc_has = T
            alk_obc_lfac_in = 3.000000000000000E-002
            alk_obc_lfac_out = 1.00000000000000
            fe_obc_src_file_name = 'obgc_obc.nc'
            fe_obc_src_field_name = 'fe'
            fe_obc_has = T
            fe_obc_lfac_in = 3.000000000000000E-002
            fe_obc_lfac_out = 1.00000000000000
            pchl_obc_src_file_name = 'obgc_obc.nc'
            pchl_obc_src_field_name = 'pchl'
            pchl_obc_has = T
            pchl_obc_lfac_in = 3.000000000000000E-002
            pchl_obc_lfac_out = 1.00000000000000

FATAL from PE     0: g_tracer_print_info: fe : src_var_unit is set in the field_table to mol kg-1. Cannot determine how to convert this!

